app/build/intermediates/manifest_merge_blame_file/debug/manifest-merger-blame-debug-report.txt
1<?xml version="1.0" encoding="utf-8"?>
2<manifest xmlns:android="http://schemas.android.com/apk/res/android"
3    package="org.pytorch.demo.objectdetection"
4    android:versionCode="1"
5    android:versionName="1.0" >
6
7    <uses-sdk
8        android:minSdkVersion="28"
8-->src/main/AndroidManifest.xml
9        android:targetSdkVersion="30" />
9-->src/main/AndroidManifest.xml
10
11    <uses-permission android:name="android.permission.VIBRATE" />
11-->src/main/AndroidManifest.xml:4:5-65
11-->src/main/AndroidManifest.xml:4:22-63
12    <uses-permission android:name="android.permission.WRITE_EXTERNAL_STORAGE" />
12-->src/main/AndroidManifest.xml:5:5-80
12-->src/main/AndroidManifest.xml:5:22-78
13    <uses-permission android:name="android.permission.MANAGE_EXTERNAL_STORAGE" />
13-->src/main/AndroidManifest.xml:6:5-81
13-->src/main/AndroidManifest.xml:6:22-79
14    <uses-permission android:name="android.permission.READ_EXTERNAL_STORAGE" />
14-->src/main/AndroidManifest.xml:7:5-79
14-->src/main/AndroidManifest.xml:7:22-77
15    <uses-permission android:name="android.permission.CAMERA" />
15-->src/main/AndroidManifest.xml:8:5-65
15-->src/main/AndroidManifest.xml:8:22-62
16
17    <application
17-->src/main/AndroidManifest.xml:10:5-45:19
18        android:allowBackup="true"
18-->src/main/AndroidManifest.xml:12:9-35
19        android:appComponentFactory="androidx.core.app.CoreComponentFactory"
19-->[androidx.core:core:1.5.0] AndroidManifest.xml:24:18-86
20        android:debuggable="true"
21        android:extractNativeLibs="false"
22        android:icon="@mipmap/ic_launcher"
22-->src/main/AndroidManifest.xml:13:9-43
23        android:label="@string/app_name"
23-->src/main/AndroidManifest.xml:14:9-41
24        android:requestLegacyExternalStorage="true"
24-->src/main/AndroidManifest.xml:11:9-52
25        android:roundIcon="@mipmap/ic_launcher_round"
25-->src/main/AndroidManifest.xml:15:9-54
26        android:supportsRtl="true"
26-->src/main/AndroidManifest.xml:16:9-35
27        android:testOnly="true"
28        android:theme="@style/Theme.AppCompat.DayNight.DarkActionBar" >
28-->src/main/AndroidManifest.xml:17:9-70
29        <activity
29-->src/main/AndroidManifest.xml:18:9-20:40
30            android:name="org.pytorch.demo.objectdetection.LoginActivity"
30-->src/main/AndroidManifest.xml:19:13-42
31            android:exported="false" />
31-->src/main/AndroidManifest.xml:20:13-37
32        <activity
32-->src/main/AndroidManifest.xml:21:9-30:20
33            android:name="org.pytorch.demo.objectdetection.SplashActivity"
33-->src/main/AndroidManifest.xml:22:13-43
34            android:exported="true"
34-->src/main/AndroidManifest.xml:23:13-36
35            android:theme="@style/Theme.AppCompat.DayNight.NoActionBar" >
35-->src/main/AndroidManifest.xml:24:13-72
36            <intent-filter>
36-->src/main/AndroidManifest.xml:25:13-29:29
37                <action android:name="android.intent.action.MAIN" />
37-->src/main/AndroidManifest.xml:26:17-69
37-->src/main/AndroidManifest.xml:26:25-66
38
39                <category android:name="android.intent.category.LAUNCHER" />
39-->src/main/AndroidManifest.xml:28:17-77
39-->src/main/AndroidManifest.xml:28:27-74
40            </intent-filter>
41        </activity>
42        <activity android:name="org.pytorch.demo.objectdetection.MainActivity" />
42-->src/main/AndroidManifest.xml:31:9-59
42-->src/main/AndroidManifest.xml:31:19-47
43        <activity
43-->src/main/AndroidManifest.xml:32:9-35:52
44            android:name="org.pytorch.demo.objectdetection.ObjectDetectionActivity"
44-->src/main/AndroidManifest.xml:33:13-52
45            android:configChanges="orientation"
45-->src/main/AndroidManifest.xml:34:13-48
46            android:screenOrientation="portrait" />
46-->src/main/AndroidManifest.xml:35:13-49
47        <!-- <provider -->
48        <!-- android:name="android.support.v4.content.FileProvider" -->
49        <!-- android:authorities="com.example.android.fileprovider" -->
50        <!-- android:exported="false" -->
51        <!-- android:grantUriPermissions="true"> -->
52        <!-- <meta-data -->
53        <!-- android:name="android.support.FILE_PROVIDER_PATHS" -->
54        <!-- android:resource="@xml/xml_path"></meta-data> -->
55        <!-- </provider> -->
56        <provider
56-->[androidx.camera:camera-camera2:1.0.0-alpha05] AndroidManifest.xml:25:9-30:43
57            android:name="androidx.camera.camera2.impl.Camera2Initializer"
57-->[androidx.camera:camera-camera2:1.0.0-alpha05] AndroidManifest.xml:26:13-75
58            android:authorities="org.pytorch.demo.objectdetection.camerax-init"
58-->[androidx.camera:camera-camera2:1.0.0-alpha05] AndroidManifest.xml:27:13-64
59            android:exported="false"
59-->[androidx.camera:camera-camera2:1.0.0-alpha05] AndroidManifest.xml:28:13-37
60            android:initOrder="100"
60-->[androidx.camera:camera-camera2:1.0.0-alpha05] AndroidManifest.xml:29:13-36
61            android:multiprocess="true" />
61-->[androidx.camera:camera-camera2:1.0.0-alpha05] AndroidManifest.xml:30:13-40
62    </application>
63
64</manifest>